2013/10/16 08:39:46 [error] [exception.CHttpException.404] exception 'CHttpException' with message 'Невозможно обработать запрос "one".' in D:\php\yii.loc\framework\web\CWebApplication.php:286
Stack trace:
#0 D:\php\yii.loc\framework\web\CWebApplication.php(141): CWebApplication->runController('one')
#1 D:\php\yii.loc\framework\base\CApplication.php(169): CWebApplication->processRequest()
#2 D:\php\yii.loc\index.php(13): CApplication->run()
#3 {main}
REQUEST_URI=/index.php/one
---
2013/10/18 14:13:36 [error] [php] Undefined variable: i (D:\php\yii.loc\protected\controllers\BookController.php:7)
Stack trace:
#0 D:\php\yii.loc\framework\web\CController.php(286): BookController->runAction()
#1 D:\php\yii.loc\framework\web\CController.php(265): BookController->runActionWithFilters()
#2 D:\php\yii.loc\framework\web\CWebApplication.php(282): BookController->run()
#3 D:\php\yii.loc\framework\web\CWebApplication.php(141): CWebApplication->runController()
#4 D:\php\yii.loc\framework\base\CApplication.php(169): CWebApplication->processRequest()
#5 D:\php\yii.loc\index.php(13): CWebApplication->run()
REQUEST_URI=/index.php/book/add
in D:\php\yii.loc\protected\controllers\BookController.php (7)
in D:\php\yii.loc\index.php (13)
2013/10/23 10:58:53 [error] [php] Undefined variable: a (D:\php\yii.loc\protected\views\book\index.php:2)
Stack trace:
#0 D:\php\yii.loc\framework\web\CController.php(869): BookController->renderFile()
#1 D:\php\yii.loc\framework\web\CController.php(782): BookController->renderPartial()
#2 D:\php\yii.loc\protected\controllers\BookController.php(8): BookController->render()
#3 D:\php\yii.loc\framework\web\actions\CInlineAction.php(49): BookController->actionIndex()
#4 D:\php\yii.loc\framework\web\CController.php(308): CInlineAction->runWithParams()
#5 D:\php\yii.loc\framework\web\CController.php(286): BookController->runAction()
#6 D:\php\yii.loc\framework\web\CController.php(265): BookController->runActionWithFilters()
#7 D:\php\yii.loc\framework\web\CWebApplication.php(282): BookController->run()
#8 D:\php\yii.loc\framework\web\CWebApplication.php(141): CWebApplication->runController()
#9 D:\php\yii.loc\framework\base\CApplication.php(169): CWebApplication->processRequest()
#10 D:\php\yii.loc\index.php(13): CWebApplication->run()
REQUEST_URI=/index.php/book
in D:\php\yii.loc\protected\views\book\index.php (2)
in D:\php\yii.loc\protected\controllers\BookController.php (8)
in D:\php\yii.loc\index.php (13)
2013/10/23 10:59:23 [error] [exception.CException] exception 'CException' with message 'Не определено свойство "BookController.a".' in D:\php\yii.loc\framework\base\CComponent.php:130
Stack trace:
#0 D:\php\yii.loc\protected\views\book\index.php(2): CComponent->__get('a')
#1 D:\php\yii.loc\framework\web\CBaseController.php(126): require('D:\php\yii.loc\...')
#2 D:\php\yii.loc\framework\web\CBaseController.php(95): CBaseController->renderInternal('D:\php\yii.loc\...', Array, true)
#3 D:\php\yii.loc\framework\web\CController.php(869): CBaseController->renderFile('D:\php\yii.loc\...', Array, true)
#4 D:\php\yii.loc\framework\web\CController.php(782): CController->renderPartial('index', Array, true)
#5 D:\php\yii.loc\protected\controllers\BookController.php(8): CController->render('index', Array)
#6 D:\php\yii.loc\framework\web\actions\CInlineAction.php(49): BookController->actionIndex()
#7 D:\php\yii.loc\framework\web\CController.php(308): CInlineAction->runWithParams(Array)
#8 D:\php\yii.loc\framework\web\CController.php(286): CController->runAction(Object(CInlineAction))
#9 D:\php\yii.loc\framework\web\CController.php(265): CController->runActionWithFilters(Object(CInlineAction), Array)
#10 D:\php\yii.loc\framework\web\CWebApplication.php(282): CController->run('')
#11 D:\php\yii.loc\framework\web\CWebApplication.php(141): CWebApplication->runController('book')
#12 D:\php\yii.loc\framework\base\CApplication.php(169): CWebApplication->processRequest()
#13 D:\php\yii.loc\index.php(13): CApplication->run()
#14 {main}
REQUEST_URI=/index.php/book
---
2013/10/23 11:00:37 [error] [exception.CException] exception 'CException' with message 'Не определено свойство "BookController.a".' in D:\php\yii.loc\framework\base\CComponent.php:130
Stack trace:
#0 D:\php\yii.loc\protected\views\book\index.php(2): CComponent->__get('a')
#1 D:\php\yii.loc\framework\web\CBaseController.php(126): require('D:\php\yii.loc\...')
#2 D:\php\yii.loc\framework\web\CBaseController.php(95): CBaseController->renderInternal('D:\php\yii.loc\...', Array, true)
#3 D:\php\yii.loc\framework\web\CController.php(869): CBaseController->renderFile('D:\php\yii.loc\...', Array, true)
#4 D:\php\yii.loc\framework\web\CController.php(782): CController->renderPartial('index', Array, true)
#5 D:\php\yii.loc\protected\controllers\BookController.php(8): CController->render('index', Array)
#6 D:\php\yii.loc\framework\web\actions\CInlineAction.php(49): BookController->actionIndex()
#7 D:\php\yii.loc\framework\web\CController.php(308): CInlineAction->runWithParams(Array)
#8 D:\php\yii.loc\framework\web\CController.php(286): CController->runAction(Object(CInlineAction))
#9 D:\php\yii.loc\framework\web\CController.php(265): CController->runActionWithFilters(Object(CInlineAction), Array)
#10 D:\php\yii.loc\framework\web\CWebApplication.php(282): CController->run('')
#11 D:\php\yii.loc\framework\web\CWebApplication.php(141): CWebApplication->runController('book')
#12 D:\php\yii.loc\framework\base\CApplication.php(169): CWebApplication->processRequest()
#13 D:\php\yii.loc\index.php(13): CApplication->run()
#14 {main}
REQUEST_URI=/index.php/book
---
2013/10/23 11:01:07 [error] [php] Undefined variable: a (D:\php\yii.loc\protected\views\book\index.php:2)
Stack trace:
#0 D:\php\yii.loc\framework\web\CController.php(869): BookController->renderFile()
#1 D:\php\yii.loc\framework\web\CController.php(782): BookController->renderPartial()
#2 D:\php\yii.loc\protected\controllers\BookController.php(8): BookController->render()
#3 D:\php\yii.loc\framework\web\actions\CInlineAction.php(49): BookController->actionIndex()
#4 D:\php\yii.loc\framework\web\CController.php(308): CInlineAction->runWithParams()
#5 D:\php\yii.loc\framework\web\CController.php(286): BookController->runAction()
#6 D:\php\yii.loc\framework\web\CController.php(265): BookController->runActionWithFilters()
#7 D:\php\yii.loc\framework\web\CWebApplication.php(282): BookController->run()
#8 D:\php\yii.loc\framework\web\CWebApplication.php(141): CWebApplication->runController()
#9 D:\php\yii.loc\framework\base\CApplication.php(169): CWebApplication->processRequest()
#10 D:\php\yii.loc\index.php(13): CWebApplication->run()
REQUEST_URI=/index.php/book
in D:\php\yii.loc\protected\views\book\index.php (2)
in D:\php\yii.loc\protected\controllers\BookController.php (8)
in D:\php\yii.loc\index.php (13)
2013/10/23 11:01:58 [error] [php] Trying to get property of non-object (D:\php\yii.loc\protected\views\book\index.php:2)
Stack trace:
#0 D:\php\yii.loc\framework\web\CController.php(869): BookController->renderFile()
#1 D:\php\yii.loc\framework\web\CController.php(782): BookController->renderPartial()
#2 D:\php\yii.loc\protected\controllers\BookController.php(8): BookController->render()
#3 D:\php\yii.loc\framework\web\actions\CInlineAction.php(49): BookController->actionIndex()
#4 D:\php\yii.loc\framework\web\CController.php(308): CInlineAction->runWithParams()
#5 D:\php\yii.loc\framework\web\CController.php(286): BookController->runAction()
#6 D:\php\yii.loc\framework\web\CController.php(265): BookController->runActionWithFilters()
#7 D:\php\yii.loc\framework\web\CWebApplication.php(282): BookController->run()
#8 D:\php\yii.loc\framework\web\CWebApplication.php(141): CWebApplication->runController()
#9 D:\php\yii.loc\framework\base\CApplication.php(169): CWebApplication->processRequest()
#10 D:\php\yii.loc\index.php(13): CWebApplication->run()
REQUEST_URI=/index.php/book
in D:\php\yii.loc\protected\views\book\index.php (2)
in D:\php\yii.loc\protected\controllers\BookController.php (8)
in D:\php\yii.loc\index.php (13)
2013/10/23 11:02:06 [error] [php] Trying to get property of non-object (D:\php\yii.loc\protected\views\book\index.php:2)
Stack trace:
#0 D:\php\yii.loc\framework\web\CController.php(869): BookController->renderFile()
#1 D:\php\yii.loc\framework\web\CController.php(782): BookController->renderPartial()
#2 D:\php\yii.loc\protected\controllers\BookController.php(8): BookController->render()
#3 D:\php\yii.loc\framework\web\actions\CInlineAction.php(49): BookController->actionIndex()
#4 D:\php\yii.loc\framework\web\CController.php(308): CInlineAction->runWithParams()
#5 D:\php\yii.loc\framework\web\CController.php(286): BookController->runAction()
#6 D:\php\yii.loc\framework\web\CController.php(265): BookController->runActionWithFilters()
#7 D:\php\yii.loc\framework\web\CWebApplication.php(282): BookController->run()
#8 D:\php\yii.loc\framework\web\CWebApplication.php(141): CWebApplication->runController()
#9 D:\php\yii.loc\framework\base\CApplication.php(169): CWebApplication->processRequest()
#10 D:\php\yii.loc\index.php(13): CWebApplication->run()
REQUEST_URI=/index.php/book
in D:\php\yii.loc\protected\views\book\index.php (2)
in D:\php\yii.loc\protected\controllers\BookController.php (8)
in D:\php\yii.loc\index.php (13)
2013/10/23 14:58:15 [error] [exception.CException] exception 'CException' with message 'Не определено свойство "CUrlManager.showSriptName".' in D:\php\yii.loc\framework\base\CComponent.php:173
Stack trace:
#0 D:\php\yii.loc\framework\YiiBase.php(220): CComponent->__set('showSriptName', false)
#1 D:\php\yii.loc\framework\base\CModule.php(386): YiiBase::createComponent(Array)
#2 D:\php\yii.loc\framework\base\CApplication.php(510): CModule->getComponent('urlManager')
#3 D:\php\yii.loc\framework\web\CWebApplication.php(140): CApplication->getUrlManager()
#4 D:\php\yii.loc\framework\base\CApplication.php(169): CWebApplication->processRequest()
#5 D:\php\yii.loc\index.php(13): CApplication->run()
#6 {main}
REQUEST_URI=/index.php/site/index
HTTP_REFERER=http://yii.loc/index.php/site/index
---
2013/10/23 15:00:58 [error] [exception.CException] exception 'CException' with message 'Не определено свойство "CUrlManager.showSriptName".' in D:\php\yii.loc\framework\base\CComponent.php:173
Stack trace:
#0 D:\php\yii.loc\framework\YiiBase.php(220): CComponent->__set('showSriptName', false)
#1 D:\php\yii.loc\framework\base\CModule.php(386): YiiBase::createComponent(Array)
#2 D:\php\yii.loc\framework\base\CApplication.php(510): CModule->getComponent('urlManager')
#3 D:\php\yii.loc\framework\web\CWebApplication.php(140): CApplication->getUrlManager()
#4 D:\php\yii.loc\framework\base\CApplication.php(169): CWebApplication->processRequest()
#5 D:\php\yii.loc\index.php(13): CApplication->run()
#6 {main}
REQUEST_URI=/index.php/site/index
HTTP_REFERER=http://yii.loc/index.php/site/index
---
2013/10/23 15:07:04 [error] [exception.CHttpException.404] exception 'CHttpException' with message 'Невозможно обработать запрос "admingii/module".' in D:\php\yii.loc\framework\web\CWebApplication.php:286
Stack trace:
#0 D:\php\yii.loc\framework\web\CWebApplication.php(141): CWebApplication->runController('admingii/module')
#1 D:\php\yii.loc\framework\base\CApplication.php(169): CWebApplication->processRequest()
#2 D:\php\yii.loc\index.php(13): CApplication->run()
#3 {main}
REQUEST_URI=/admingii/module
---
2013/10/23 16:34:13 [error] [exception.CHttpException.404] exception 'CHttpException' with message 'Системе не удалось найти запрашиваемое действие "view".' in D:\php\yii.loc\framework\web\CController.php:483
Stack trace:
#0 D:\php\yii.loc\framework\web\CController.php(270): CController->missingAction('view')
#1 D:\php\yii.loc\framework\web\CWebApplication.php(282): CController->run('view')
#2 D:\php\yii.loc\framework\web\CWebApplication.php(141): CWebApplication->runController('admin/category/...')
#3 D:\php\yii.loc\framework\base\CApplication.php(169): CWebApplication->processRequest()
#4 D:\php\yii.loc\index.php(13): CApplication->run()
#5 {main}
REQUEST_URI=/admin/category/view/id/1
HTTP_REFERER=http://yii.loc/admin/category/index
---
2013/10/23 16:39:42 [error] [exception.CHttpException.404] exception 'CHttpException' with message 'Системе не удалось найти запрашиваемое действие "view".' in D:\php\yii.loc\framework\web\CController.php:483
Stack trace:
#0 D:\php\yii.loc\framework\web\CController.php(270): CController->missingAction('view')
#1 D:\php\yii.loc\framework\web\CWebApplication.php(282): CController->run('view')
#2 D:\php\yii.loc\framework\web\CWebApplication.php(141): CWebApplication->runController('admin/category/...')
#3 D:\php\yii.loc\framework\base\CApplication.php(169): CWebApplication->processRequest()
#4 D:\php\yii.loc\index.php(13): CApplication->run()
#5 {main}
REQUEST_URI=/admin/category/view/id/1
HTTP_REFERER=http://yii.loc/admin/category/update/id/1
---
2013/10/24 08:28:13 [error] [exception.CHttpException.404] exception 'CHttpException' with message 'Невозможно обработать запрос "favicon.ico".' in D:\php\yii.loc\framework\web\CWebApplication.php:286
Stack trace:
#0 D:\php\yii.loc\framework\web\CWebApplication.php(141): CWebApplication->runController('favicon.ico')
#1 D:\php\yii.loc\framework\base\CApplication.php(169): CWebApplication->processRequest()
#2 D:\php\yii.loc\index.php(13): CApplication->run()
#3 {main}
REQUEST_URI=/favicon.ico
---
2013/10/25 09:31:40 [error] [exception.CHttpException.404] exception 'CHttpException' with message 'Невозможно обработать запрос "favicon.ico".' in D:\php\yii.loc\framework\web\CWebApplication.php:286
Stack trace:
#0 D:\php\yii.loc\framework\web\CWebApplication.php(141): CWebApplication->runController('favicon.ico')
#1 D:\php\yii.loc\framework\base\CApplication.php(169): CWebApplication->processRequest()
#2 D:\php\yii.loc\index.php(13): CApplication->run()
#3 {main}
REQUEST_URI=/favicon.ico
---
2013/10/25 13:21:15 [error] [exception.CHttpException.404] exception 'CHttpException' with message 'Невозможно обработать запрос "favicon.ico".' in D:\php\yii.loc\framework\web\CWebApplication.php:286
Stack trace:
#0 D:\php\yii.loc\framework\web\CWebApplication.php(141): CWebApplication->runController('favicon.ico')
#1 D:\php\yii.loc\framework\base\CApplication.php(169): CWebApplication->processRequest()
#2 D:\php\yii.loc\index.php(13): CApplication->run()
#3 {main}
REQUEST_URI=/favicon.ico
---
2013/10/25 13:56:39 [error] [exception.CException] exception 'CException' with message 'Псевдоним "application.extensionsckeditor.CKEditor" неверен. Убедитесь, что он указывает на существующий PHP файл.' in D:\php\yii.loc\framework\YiiBase.php:316
Stack trace:
#0 D:\php\yii.loc\framework\web\CWidgetFactory.php(146): YiiBase::import('application.ext...', true)
#1 D:\php\yii.loc\framework\web\CBaseController.php(146): CWidgetFactory->createWidget(Object(PageController), 'application.ext...', Array)
#2 D:\php\yii.loc\framework\web\CBaseController.php(172): CBaseController->createWidget('application.ext...', Array)
#3 D:\php\yii.loc\protected\modules\admin\views\page\_form.php(28): CBaseController->widget('application.ext...', Array)
#4 D:\php\yii.loc\framework\web\CBaseController.php(126): require('D:\php\yii.loc\...')
#5 D:\php\yii.loc\framework\web\CBaseController.php(95): CBaseController->renderInternal('D:\php\yii.loc\...', Array, true)
#6 D:\php\yii.loc\framework\web\CController.php(869): CBaseController->renderFile('D:\php\yii.loc\...', Array, true)
#7 D:\php\yii.loc\protected\modules\admin\views\page\create.php(18): CController->renderPartial('_form', Array)
#8 D:\php\yii.loc\framework\web\CBaseController.php(126): require('D:\php\yii.loc\...')
#9 D:\php\yii.loc\framework\web\CBaseController.php(95): CBaseController->renderInternal('D:\php\yii.loc\...', Array, true)
#10 D:\php\yii.loc\framework\web\CController.php(869): CBaseController->renderFile('D:\php\yii.loc\...', Array, true)
#11 D:\php\yii.loc\framework\web\CController.php(782): CController->renderPartial('create', Array, true)
#12 D:\php\yii.loc\protected\modules\admin\controllers\PageController.php(75): CController->render('create', Array)
#13 D:\php\yii.loc\framework\web\actions\CInlineAction.php(49): PageController->actionCreate()
#14 D:\php\yii.loc\framework\web\CController.php(308): CInlineAction->runWithParams(Array)
#15 D:\php\yii.loc\framework\web\filters\CFilterChain.php(133): CController->runAction(Object(CInlineAction))
#16 D:\php\yii.loc\framework\web\filters\CFilter.php(40): CFilterChain->run()
#17 D:\php\yii.loc\framework\web\CController.php(1145): CFilter->filter(Object(CFilterChain))
#18 D:\php\yii.loc\framework\web\filters\CInlineFilter.php(58): CController->filterAccessControl(Object(CFilterChain))
#19 D:\php\yii.loc\framework\web\filters\CFilterChain.php(130): CInlineFilter->filter(Object(CFilterChain))
#20 D:\php\yii.loc\framework\web\CController.php(291): CFilterChain->run()
#21 D:\php\yii.loc\framework\web\CController.php(265): CController->runActionWithFilters(Object(CInlineAction), Array)
#22 D:\php\yii.loc\framework\web\CWebApplication.php(282): CController->run('create')
#23 D:\php\yii.loc\framework\web\CWebApplication.php(141): CWebApplication->runController('admin/page/crea...')
#24 D:\php\yii.loc\framework\base\CApplication.php(169): CWebApplication->processRequest()
#25 D:\php\yii.loc\index.php(13): CApplication->run()
#26 {main}
REQUEST_URI=/admin/page/create
HTTP_REFERER=http://yii.loc/site/login
---
2013/10/25 13:56:56 [error] [php] Undefined variable: language (D:\php\yii.loc\protected\extensions\ckeditor\CKEditor.php:90)
Stack trace:
#0 D:\php\yii.loc\framework\web\CBaseController.php(146): CWidgetFactory->createWidget()
#1 D:\php\yii.loc\framework\web\CBaseController.php(172): PageController->createWidget()
#2 D:\php\yii.loc\protected\modules\admin\views\page\_form.php(28): PageController->widget()
#3 D:\php\yii.loc\framework\web\CBaseController.php(126): require()
#4 D:\php\yii.loc\framework\web\CBaseController.php(95): PageController->renderInternal()
#5 D:\php\yii.loc\framework\web\CController.php(869): PageController->renderFile()
#6 D:\php\yii.loc\protected\modules\admin\views\page\create.php(18): PageController->renderPartial()
#7 D:\php\yii.loc\framework\web\CBaseController.php(126): require()
#8 D:\php\yii.loc\framework\web\CBaseController.php(95): PageController->renderInternal()
#9 D:\php\yii.loc\framework\web\CController.php(869): PageController->renderFile()
#10 D:\php\yii.loc\framework\web\CController.php(782): PageController->renderPartial()
#11 D:\php\yii.loc\protected\modules\admin\controllers\PageController.php(75): PageController->render()
#12 D:\php\yii.loc\framework\web\actions\CInlineAction.php(49): PageController->actionCreate()
#13 D:\php\yii.loc\framework\web\CController.php(308): CInlineAction->runWithParams()
#14 D:\php\yii.loc\framework\web\filters\CFilterChain.php(133): PageController->runAction()
#15 D:\php\yii.loc\framework\web\filters\CFilter.php(40): CFilterChain->run()
#16 D:\php\yii.loc\framework\web\CController.php(1145): CAccessControlFilter->filter()
#17 D:\php\yii.loc\framework\web\filters\CInlineFilter.php(58): PageController->filterAccessControl()
#18 D:\php\yii.loc\framework\web\filters\CFilterChain.php(130): CInlineFilter->filter()
#19 D:\php\yii.loc\framework\web\CController.php(291): CFilterChain->run()
#20 D:\php\yii.loc\framework\web\CController.php(265): PageController->runActionWithFilters()
#21 D:\php\yii.loc\framework\web\CWebApplication.php(282): PageController->run()
#22 D:\php\yii.loc\framework\web\CWebApplication.php(141): CWebApplication->runController()
#23 D:\php\yii.loc\framework\base\CApplication.php(169): CWebApplication->processRequest()
#24 D:\php\yii.loc\index.php(13): CWebApplication->run()
REQUEST_URI=/admin/page/create
in D:\php\yii.loc\protected\extensions\ckeditor\CKEditor.php (90)
in D:\php\yii.loc\protected\extensions\ckeditor\CKEditor.php (78)
in D:\php\yii.loc\protected\modules\admin\views\page\_form.php (28)
2013/10/25 13:58:38 [error] [php] Undefined variable: language (D:\php\yii.loc\protected\extensions\ckeditor\CKEditor.php:90)
Stack trace:
#0 D:\php\yii.loc\framework\web\CBaseController.php(146): CWidgetFactory->createWidget()
#1 D:\php\yii.loc\framework\web\CBaseController.php(172): PageController->createWidget()
#2 D:\php\yii.loc\protected\modules\admin\views\page\_form.php(28): PageController->widget()
#3 D:\php\yii.loc\framework\web\CBaseController.php(126): require()
#4 D:\php\yii.loc\framework\web\CBaseController.php(95): PageController->renderInternal()
#5 D:\php\yii.loc\framework\web\CController.php(869): PageController->renderFile()
#6 D:\php\yii.loc\protected\modules\admin\views\page\create.php(18): PageController->renderPartial()
#7 D:\php\yii.loc\framework\web\CBaseController.php(126): require()
#8 D:\php\yii.loc\framework\web\CBaseController.php(95): PageController->renderInternal()
#9 D:\php\yii.loc\framework\web\CController.php(869): PageController->renderFile()
#10 D:\php\yii.loc\framework\web\CController.php(782): PageController->renderPartial()
#11 D:\php\yii.loc\protected\modules\admin\controllers\PageController.php(75): PageController->render()
#12 D:\php\yii.loc\framework\web\actions\CInlineAction.php(49): PageController->actionCreate()
#13 D:\php\yii.loc\framework\web\CController.php(308): CInlineAction->runWithParams()
#14 D:\php\yii.loc\framework\web\filters\CFilterChain.php(133): PageController->runAction()
#15 D:\php\yii.loc\framework\web\filters\CFilter.php(40): CFilterChain->run()
#16 D:\php\yii.loc\framework\web\CController.php(1145): CAccessControlFilter->filter()
#17 D:\php\yii.loc\framework\web\filters\CInlineFilter.php(58): PageController->filterAccessControl()
#18 D:\php\yii.loc\framework\web\filters\CFilterChain.php(130): CInlineFilter->filter()
#19 D:\php\yii.loc\framework\web\CController.php(291): CFilterChain->run()
#20 D:\php\yii.loc\framework\web\CController.php(265): PageController->runActionWithFilters()
#21 D:\php\yii.loc\framework\web\CWebApplication.php(282): PageController->run()
#22 D:\php\yii.loc\framework\web\CWebApplication.php(141): CWebApplication->runController()
#23 D:\php\yii.loc\framework\base\CApplication.php(169): CWebApplication->processRequest()
#24 D:\php\yii.loc\index.php(13): CWebApplication->run()
REQUEST_URI=/admin/page/create
in D:\php\yii.loc\protected\extensions\ckeditor\CKEditor.php (90)
in D:\php\yii.loc\protected\extensions\ckeditor\CKEditor.php (78)
in D:\php\yii.loc\protected\modules\admin\views\page\_form.php (28)
2013/10/25 14:00:41 [error] [php] Undefined variable: language (D:\php\yii.loc\protected\extensions\ckeditor\CKEditor.php:90)
Stack trace:
#0 D:\php\yii.loc\framework\web\CBaseController.php(146): CWidgetFactory->createWidget()
#1 D:\php\yii.loc\framework\web\CBaseController.php(172): PageController->createWidget()
#2 D:\php\yii.loc\protected\modules\admin\views\page\_form.php(28): PageController->widget()
#3 D:\php\yii.loc\framework\web\CBaseController.php(126): require()
#4 D:\php\yii.loc\framework\web\CBaseController.php(95): PageController->renderInternal()
#5 D:\php\yii.loc\framework\web\CController.php(869): PageController->renderFile()
#6 D:\php\yii.loc\protected\modules\admin\views\page\create.php(18): PageController->renderPartial()
#7 D:\php\yii.loc\framework\web\CBaseController.php(126): require()
#8 D:\php\yii.loc\framework\web\CBaseController.php(95): PageController->renderInternal()
#9 D:\php\yii.loc\framework\web\CController.php(869): PageController->renderFile()
#10 D:\php\yii.loc\framework\web\CController.php(782): PageController->renderPartial()
#11 D:\php\yii.loc\protected\modules\admin\controllers\PageController.php(75): PageController->render()
#12 D:\php\yii.loc\framework\web\actions\CInlineAction.php(49): PageController->actionCreate()
#13 D:\php\yii.loc\framework\web\CController.php(308): CInlineAction->runWithParams()
#14 D:\php\yii.loc\framework\web\filters\CFilterChain.php(133): PageController->runAction()
#15 D:\php\yii.loc\framework\web\filters\CFilter.php(40): CFilterChain->run()
#16 D:\php\yii.loc\framework\web\CController.php(1145): CAccessControlFilter->filter()
#17 D:\php\yii.loc\framework\web\filters\CInlineFilter.php(58): PageController->filterAccessControl()
#18 D:\php\yii.loc\framework\web\filters\CFilterChain.php(130): CInlineFilter->filter()
#19 D:\php\yii.loc\framework\web\CController.php(291): CFilterChain->run()
#20 D:\php\yii.loc\framework\web\CController.php(265): PageController->runActionWithFilters()
#21 D:\php\yii.loc\framework\web\CWebApplication.php(282): PageController->run()
#22 D:\php\yii.loc\framework\web\CWebApplication.php(141): CWebApplication->runController()
#23 D:\php\yii.loc\framework\base\CApplication.php(169): CWebApplication->processRequest()
#24 D:\php\yii.loc\index.php(13): CWebApplication->run()
REQUEST_URI=/admin/page/create
in D:\php\yii.loc\protected\extensions\ckeditor\CKEditor.php (90)
in D:\php\yii.loc\protected\extensions\ckeditor\CKEditor.php (78)
in D:\php\yii.loc\protected\modules\admin\views\page\_form.php (28)
2013/10/25 14:06:13 [error] [php] Undefined variable: language (D:\php\yii.loc\protected\extensions\ckeditor\CKEditor.php:90)
Stack trace:
#0 D:\php\yii.loc\framework\web\CBaseController.php(146): CWidgetFactory->createWidget()
#1 D:\php\yii.loc\framework\web\CBaseController.php(172): PageController->createWidget()
#2 D:\php\yii.loc\protected\modules\admin\views\page\_form.php(28): PageController->widget()
#3 D:\php\yii.loc\framework\web\CBaseController.php(126): require()
#4 D:\php\yii.loc\framework\web\CBaseController.php(95): PageController->renderInternal()
#5 D:\php\yii.loc\framework\web\CController.php(869): PageController->renderFile()
#6 D:\php\yii.loc\protected\modules\admin\views\page\create.php(18): PageController->renderPartial()
#7 D:\php\yii.loc\framework\web\CBaseController.php(126): require()
#8 D:\php\yii.loc\framework\web\CBaseController.php(95): PageController->renderInternal()
#9 D:\php\yii.loc\framework\web\CController.php(869): PageController->renderFile()
#10 D:\php\yii.loc\framework\web\CController.php(782): PageController->renderPartial()
#11 D:\php\yii.loc\protected\modules\admin\controllers\PageController.php(75): PageController->render()
#12 D:\php\yii.loc\framework\web\actions\CInlineAction.php(49): PageController->actionCreate()
#13 D:\php\yii.loc\framework\web\CController.php(308): CInlineAction->runWithParams()
#14 D:\php\yii.loc\framework\web\filters\CFilterChain.php(133): PageController->runAction()
#15 D:\php\yii.loc\framework\web\filters\CFilter.php(40): CFilterChain->run()
#16 D:\php\yii.loc\framework\web\CController.php(1145): CAccessControlFilter->filter()
#17 D:\php\yii.loc\framework\web\filters\CInlineFilter.php(58): PageController->filterAccessControl()
#18 D:\php\yii.loc\framework\web\filters\CFilterChain.php(130): CInlineFilter->filter()
#19 D:\php\yii.loc\framework\web\CController.php(291): CFilterChain->run()
#20 D:\php\yii.loc\framework\web\CController.php(265): PageController->runActionWithFilters()
#21 D:\php\yii.loc\framework\web\CWebApplication.php(282): PageController->run()
#22 D:\php\yii.loc\framework\web\CWebApplication.php(141): CWebApplication->runController()
#23 D:\php\yii.loc\framework\base\CApplication.php(169): CWebApplication->processRequest()
#24 D:\php\yii.loc\index.php(13): CWebApplication->run()
REQUEST_URI=/admin/page/create
in D:\php\yii.loc\protected\extensions\ckeditor\CKEditor.php (90)
in D:\php\yii.loc\protected\extensions\ckeditor\CKEditor.php (78)
in D:\php\yii.loc\protected\modules\admin\views\page\_form.php (28)
2013/10/25 14:07:10 [error] [php] Undefined variable: language (D:\php\yii.loc\protected\extensions\ckeditor\CKEditor.php:90)
Stack trace:
#0 D:\php\yii.loc\framework\web\CBaseController.php(146): CWidgetFactory->createWidget()
#1 D:\php\yii.loc\framework\web\CBaseController.php(172): PageController->createWidget()
#2 D:\php\yii.loc\protected\modules\admin\views\page\_form.php(28): PageController->widget()
#3 D:\php\yii.loc\framework\web\CBaseController.php(126): require()
#4 D:\php\yii.loc\framework\web\CBaseController.php(95): PageController->renderInternal()
#5 D:\php\yii.loc\framework\web\CController.php(869): PageController->renderFile()
#6 D:\php\yii.loc\protected\modules\admin\views\page\create.php(18): PageController->renderPartial()
#7 D:\php\yii.loc\framework\web\CBaseController.php(126): require()
#8 D:\php\yii.loc\framework\web\CBaseController.php(95): PageController->renderInternal()
#9 D:\php\yii.loc\framework\web\CController.php(869): PageController->renderFile()
#10 D:\php\yii.loc\framework\web\CController.php(782): PageController->renderPartial()
#11 D:\php\yii.loc\protected\modules\admin\controllers\PageController.php(75): PageController->render()
#12 D:\php\yii.loc\framework\web\actions\CInlineAction.php(49): PageController->actionCreate()
#13 D:\php\yii.loc\framework\web\CController.php(308): CInlineAction->runWithParams()
#14 D:\php\yii.loc\framework\web\filters\CFilterChain.php(133): PageController->runAction()
#15 D:\php\yii.loc\framework\web\filters\CFilter.php(40): CFilterChain->run()
#16 D:\php\yii.loc\framework\web\CController.php(1145): CAccessControlFilter->filter()
#17 D:\php\yii.loc\framework\web\filters\CInlineFilter.php(58): PageController->filterAccessControl()
#18 D:\php\yii.loc\framework\web\filters\CFilterChain.php(130): CInlineFilter->filter()
#19 D:\php\yii.loc\framework\web\CController.php(291): CFilterChain->run()
#20 D:\php\yii.loc\framework\web\CController.php(265): PageController->runActionWithFilters()
#21 D:\php\yii.loc\framework\web\CWebApplication.php(282): PageController->run()
#22 D:\php\yii.loc\framework\web\CWebApplication.php(141): CWebApplication->runController()
#23 D:\php\yii.loc\framework\base\CApplication.php(169): CWebApplication->processRequest()
#24 D:\php\yii.loc\index.php(13): CWebApplication->run()
REQUEST_URI=/admin/page/create
in D:\php\yii.loc\protected\extensions\ckeditor\CKEditor.php (90)
in D:\php\yii.loc\protected\extensions\ckeditor\CKEditor.php (78)
in D:\php\yii.loc\protected\modules\admin\views\page\_form.php (28)
2013/10/25 14:07:18 [error] [php] Undefined variable: language (D:\php\yii.loc\protected\extensions\ckeditor\CKEditor.php:90)
Stack trace:
#0 D:\php\yii.loc\framework\web\CBaseController.php(146): CWidgetFactory->createWidget()
#1 D:\php\yii.loc\framework\web\CBaseController.php(172): PageController->createWidget()
#2 D:\php\yii.loc\protected\modules\admin\views\page\_form.php(28): PageController->widget()
#3 D:\php\yii.loc\framework\web\CBaseController.php(126): require()
#4 D:\php\yii.loc\framework\web\CBaseController.php(95): PageController->renderInternal()
#5 D:\php\yii.loc\framework\web\CController.php(869): PageController->renderFile()
#6 D:\php\yii.loc\protected\modules\admin\views\page\create.php(18): PageController->renderPartial()
#7 D:\php\yii.loc\framework\web\CBaseController.php(126): require()
#8 D:\php\yii.loc\framework\web\CBaseController.php(95): PageController->renderInternal()
#9 D:\php\yii.loc\framework\web\CController.php(869): PageController->renderFile()
#10 D:\php\yii.loc\framework\web\CController.php(782): PageController->renderPartial()
#11 D:\php\yii.loc\protected\modules\admin\controllers\PageController.php(75): PageController->render()
#12 D:\php\yii.loc\framework\web\actions\CInlineAction.php(49): PageController->actionCreate()
#13 D:\php\yii.loc\framework\web\CController.php(308): CInlineAction->runWithParams()
#14 D:\php\yii.loc\framework\web\filters\CFilterChain.php(133): PageController->runAction()
#15 D:\php\yii.loc\framework\web\filters\CFilter.php(40): CFilterChain->run()
#16 D:\php\yii.loc\framework\web\CController.php(1145): CAccessControlFilter->filter()
#17 D:\php\yii.loc\framework\web\filters\CInlineFilter.php(58): PageController->filterAccessControl()
#18 D:\php\yii.loc\framework\web\filters\CFilterChain.php(130): CInlineFilter->filter()
#19 D:\php\yii.loc\framework\web\CController.php(291): CFilterChain->run()
#20 D:\php\yii.loc\framework\web\CController.php(265): PageController->runActionWithFilters()
#21 D:\php\yii.loc\framework\web\CWebApplication.php(282): PageController->run()
#22 D:\php\yii.loc\framework\web\CWebApplication.php(141): CWebApplication->runController()
#23 D:\php\yii.loc\framework\base\CApplication.php(169): CWebApplication->processRequest()
#24 D:\php\yii.loc\index.php(13): CWebApplication->run()
REQUEST_URI=/admin/page/create
in D:\php\yii.loc\protected\extensions\ckeditor\CKEditor.php (90)
in D:\php\yii.loc\protected\extensions\ckeditor\CKEditor.php (78)
in D:\php\yii.loc\protected\modules\admin\views\page\_form.php (28)
2013/10/25 14:08:50 [error] [exception.CHttpException.404] exception 'CHttpException' with message 'Невозможно обработать запрос "assets/3c687239/contents.css".' in D:\php\yii.loc\framework\web\CWebApplication.php:286
Stack trace:
#0 D:\php\yii.loc\framework\web\CWebApplication.php(141): CWebApplication->runController('assets/3c687239...')
#1 D:\php\yii.loc\framework\base\CApplication.php(169): CWebApplication->processRequest()
#2 D:\php\yii.loc\index.php(13): CApplication->run()
#3 {main}
REQUEST_URI=/assets/3c687239/contents.css
---
2013/10/25 14:15:55 [error] [exception.CHttpException.404] exception 'CHttpException' with message 'Невозможно обработать запрос "assets/3c687239/contents.css".' in D:\php\yii.loc\framework\web\CWebApplication.php:286
Stack trace:
#0 D:\php\yii.loc\framework\web\CWebApplication.php(141): CWebApplication->runController('assets/3c687239...')
#1 D:\php\yii.loc\framework\base\CApplication.php(169): CWebApplication->processRequest()
#2 D:\php\yii.loc\index.php(13): CApplication->run()
#3 {main}
REQUEST_URI=/assets/3c687239/contents.css
---
2013/10/25 14:18:22 [error] [exception.CHttpException.404] exception 'CHttpException' with message 'Невозможно обработать запрос "assets/3c687239/contents.css".' in D:\php\yii.loc\framework\web\CWebApplication.php:286
Stack trace:
#0 D:\php\yii.loc\framework\web\CWebApplication.php(141): CWebApplication->runController('assets/3c687239...')
#1 D:\php\yii.loc\framework\base\CApplication.php(169): CWebApplication->processRequest()
#2 D:\php\yii.loc\index.php(13): CApplication->run()
#3 {main}
REQUEST_URI=/assets/3c687239/contents.css
---
2013/10/25 14:34:22 [error] [php] Undefined variable: data (D:\php\yii.loc\protected\modules\admin\views\page\index.php:47)
Stack trace:
#0 D:\php\yii.loc\framework\web\CController.php(869): PageController->renderFile()
#1 D:\php\yii.loc\framework\web\CController.php(782): PageController->renderPartial()
#2 D:\php\yii.loc\protected\modules\admin\controllers\PageController.php(130): PageController->render()
#3 D:\php\yii.loc\framework\web\actions\CInlineAction.php(49): PageController->actionIndex()
#4 D:\php\yii.loc\framework\web\CController.php(308): CInlineAction->runWithParams()
#5 D:\php\yii.loc\framework\web\filters\CFilterChain.php(133): PageController->runAction()
#6 D:\php\yii.loc\framework\web\filters\CFilter.php(40): CFilterChain->run()
#7 D:\php\yii.loc\framework\web\CController.php(1145): CAccessControlFilter->filter()
#8 D:\php\yii.loc\framework\web\filters\CInlineFilter.php(58): PageController->filterAccessControl()
#9 D:\php\yii.loc\framework\web\filters\CFilterChain.php(130): CInlineFilter->filter()
#10 D:\php\yii.loc\framework\web\CController.php(291): CFilterChain->run()
#11 D:\php\yii.loc\framework\web\CController.php(265): PageController->runActionWithFilters()
#12 D:\php\yii.loc\framework\web\CWebApplication.php(282): PageController->run()
#13 D:\php\yii.loc\framework\web\CWebApplication.php(141): CWebApplication->runController()
#14 D:\php\yii.loc\framework\base\CApplication.php(169): CWebApplication->processRequest()
#15 D:\php\yii.loc\index.php(13): CWebApplication->run()
REQUEST_URI=/admin/page
in D:\php\yii.loc\protected\modules\admin\views\page\index.php (47)
in D:\php\yii.loc\protected\modules\admin\controllers\PageController.php (130)
in D:\php\yii.loc\index.php (13)
2013/10/25 14:38:32 [error] [exception.CHttpException.404] exception 'CHttpException' with message 'Невозможно обработать запрос "assets/3c687239/contents.css".' in D:\php\yii.loc\framework\web\CWebApplication.php:286
Stack trace:
#0 D:\php\yii.loc\framework\web\CWebApplication.php(141): CWebApplication->runController('assets/3c687239...')
#1 D:\php\yii.loc\framework\base\CApplication.php(169): CWebApplication->processRequest()
#2 D:\php\yii.loc\index.php(13): CApplication->run()
#3 {main}
REQUEST_URI=/assets/3c687239/contents.css
---
2013/10/25 14:38:43 [error] [exception.CHttpException.404] exception 'CHttpException' with message 'Невозможно обработать запрос "assets/3c687239/contents.css".' in D:\php\yii.loc\framework\web\CWebApplication.php:286
Stack trace:
#0 D:\php\yii.loc\framework\web\CWebApplication.php(141): CWebApplication->runController('assets/3c687239...')
#1 D:\php\yii.loc\framework\base\CApplication.php(169): CWebApplication->processRequest()
#2 D:\php\yii.loc\index.php(13): CApplication->run()
#3 {main}
REQUEST_URI=/assets/3c687239/contents.css
---
2013/10/25 14:38:52 [error] [exception.CHttpException.404] exception 'CHttpException' with message 'Невозможно обработать запрос "assets/3c687239/contents.css".' in D:\php\yii.loc\framework\web\CWebApplication.php:286
Stack trace:
#0 D:\php\yii.loc\framework\web\CWebApplication.php(141): CWebApplication->runController('assets/3c687239...')
#1 D:\php\yii.loc\framework\base\CApplication.php(169): CWebApplication->processRequest()
#2 D:\php\yii.loc\index.php(13): CApplication->run()
#3 {main}
REQUEST_URI=/assets/3c687239/contents.css
---
2013/10/25 14:47:09 [error] [php] Undefined variable: one (D:\php\yii.loc\protected\models\Category.php:95)
Stack trace:
#0 D:\php\yii.loc\framework\web\CBaseController.php(95): PageController->renderInternal()
#1 D:\php\yii.loc\framework\web\CController.php(869): PageController->renderFile()
#2 D:\php\yii.loc\protected\modules\admin\views\page\create.php(18): PageController->renderPartial()
#3 D:\php\yii.loc\framework\web\CBaseController.php(126): require()
#4 D:\php\yii.loc\framework\web\CBaseController.php(95): PageController->renderInternal()
#5 D:\php\yii.loc\framework\web\CController.php(869): PageController->renderFile()
#6 D:\php\yii.loc\framework\web\CController.php(782): PageController->renderPartial()
#7 D:\php\yii.loc\protected\modules\admin\controllers\PageController.php(75): PageController->render()
#8 D:\php\yii.loc\framework\web\actions\CInlineAction.php(49): PageController->actionCreate()
#9 D:\php\yii.loc\framework\web\CController.php(308): CInlineAction->runWithParams()
#10 D:\php\yii.loc\framework\web\filters\CFilterChain.php(133): PageController->runAction()
#11 D:\php\yii.loc\framework\web\filters\CFilter.php(40): CFilterChain->run()
#12 D:\php\yii.loc\framework\web\CController.php(1145): CAccessControlFilter->filter()
#13 D:\php\yii.loc\framework\web\filters\CInlineFilter.php(58): PageController->filterAccessControl()
#14 D:\php\yii.loc\framework\web\filters\CFilterChain.php(130): CInlineFilter->filter()
#15 D:\php\yii.loc\framework\web\CController.php(291): CFilterChain->run()
#16 D:\php\yii.loc\framework\web\CController.php(265): PageController->runActionWithFilters()
#17 D:\php\yii.loc\framework\web\CWebApplication.php(282): PageController->run()
#18 D:\php\yii.loc\framework\web\CWebApplication.php(141): CWebApplication->runController()
#19 D:\php\yii.loc\framework\base\CApplication.php(169): CWebApplication->processRequest()
#20 D:\php\yii.loc\index.php(13): CWebApplication->run()
REQUEST_URI=/admin/page/create
in D:\php\yii.loc\protected\models\Category.php (95)
in D:\php\yii.loc\protected\modules\admin\views\page\_form.php (41)
in D:\php\yii.loc\protected\modules\admin\views\page\create.php (18)
2013/10/25 14:47:29 [error] [exception.CHttpException.404] exception 'CHttpException' with message 'Невозможно обработать запрос "assets/3c687239/contents.css".' in D:\php\yii.loc\framework\web\CWebApplication.php:286
Stack trace:
#0 D:\php\yii.loc\framework\web\CWebApplication.php(141): CWebApplication->runController('assets/3c687239...')
#1 D:\php\yii.loc\framework\base\CApplication.php(169): CWebApplication->processRequest()
#2 D:\php\yii.loc\index.php(13): CApplication->run()
#3 {main}
REQUEST_URI=/assets/3c687239/contents.css
---
2013/10/25 14:47:53 [error] [exception.CHttpException.404] exception 'CHttpException' with message 'Невозможно обработать запрос "assets/3c687239/contents.css".' in D:\php\yii.loc\framework\web\CWebApplication.php:286
Stack trace:
#0 D:\php\yii.loc\framework\web\CWebApplication.php(141): CWebApplication->runController('assets/3c687239...')
#1 D:\php\yii.loc\framework\base\CApplication.php(169): CWebApplication->processRequest()
#2 D:\php\yii.loc\index.php(13): CApplication->run()
#3 {main}
REQUEST_URI=/assets/3c687239/contents.css
---
2013/10/25 14:48:38 [error] [exception.CHttpException.404] exception 'CHttpException' with message 'Невозможно обработать запрос "assets/3c687239/contents.css".' in D:\php\yii.loc\framework\web\CWebApplication.php:286
Stack trace:
#0 D:\php\yii.loc\framework\web\CWebApplication.php(141): CWebApplication->runController('assets/3c687239...')
#1 D:\php\yii.loc\framework\base\CApplication.php(169): CWebApplication->processRequest()
#2 D:\php\yii.loc\index.php(13): CApplication->run()
#3 {main}
REQUEST_URI=/assets/3c687239/contents.css
---
2013/10/25 14:48:52 [error] [exception.CHttpException.404] exception 'CHttpException' with message 'Невозможно обработать запрос "assets/3c687239/contents.css".' in D:\php\yii.loc\framework\web\CWebApplication.php:286
Stack trace:
#0 D:\php\yii.loc\framework\web\CWebApplication.php(141): CWebApplication->runController('assets/3c687239...')
#1 D:\php\yii.loc\framework\base\CApplication.php(169): CWebApplication->processRequest()
#2 D:\php\yii.loc\index.php(13): CApplication->run()
#3 {main}
REQUEST_URI=/assets/3c687239/contents.css
---
2013/10/25 14:51:57 [error] [exception.CHttpException.404] exception 'CHttpException' with message 'Невозможно обработать запрос "assets/3c687239/contents.css".' in D:\php\yii.loc\framework\web\CWebApplication.php:286
Stack trace:
#0 D:\php\yii.loc\framework\web\CWebApplication.php(141): CWebApplication->runController('assets/3c687239...')
#1 D:\php\yii.loc\framework\base\CApplication.php(169): CWebApplication->processRequest()
#2 D:\php\yii.loc\index.php(13): CApplication->run()
#3 {main}
REQUEST_URI=/assets/3c687239/contents.css
---
2013/10/25 14:52:07 [error] [exception.CHttpException.404] exception 'CHttpException' with message 'Невозможно обработать запрос "assets/3c687239/contents.css".' in D:\php\yii.loc\framework\web\CWebApplication.php:286
Stack trace:
#0 D:\php\yii.loc\framework\web\CWebApplication.php(141): CWebApplication->runController('assets/3c687239...')
#1 D:\php\yii.loc\framework\base\CApplication.php(169): CWebApplication->processRequest()
#2 D:\php\yii.loc\index.php(13): CApplication->run()
#3 {main}
REQUEST_URI=/assets/3c687239/contents.css
---
2013/10/25 14:52:16 [error] [exception.CHttpException.404] exception 'CHttpException' with message 'Невозможно обработать запрос "assets/3c687239/contents.css".' in D:\php\yii.loc\framework\web\CWebApplication.php:286
Stack trace:
#0 D:\php\yii.loc\framework\web\CWebApplication.php(141): CWebApplication->runController('assets/3c687239...')
#1 D:\php\yii.loc\framework\base\CApplication.php(169): CWebApplication->processRequest()
#2 D:\php\yii.loc\index.php(13): CApplication->run()
#3 {main}
REQUEST_URI=/assets/3c687239/contents.css
---
2013/10/25 15:48:18 [error] [exception.CHttpException.404] exception 'CHttpException' with message 'Невозможно обработать запрос "assets/3c687239/contents.css".' in D:\php\yii.loc\framework\web\CWebApplication.php:286
Stack trace:
#0 D:\php\yii.loc\framework\web\CWebApplication.php(141): CWebApplication->runController('assets/3c687239...')
#1 D:\php\yii.loc\framework\base\CApplication.php(169): CWebApplication->processRequest()
#2 D:\php\yii.loc\index.php(13): CApplication->run()
#3 {main}
REQUEST_URI=/assets/3c687239/contents.css
---
2013/10/25 15:48:31 [error] [exception.CHttpException.404] exception 'CHttpException' with message 'Невозможно обработать запрос "assets/3c687239/contents.css".' in D:\php\yii.loc\framework\web\CWebApplication.php:286
Stack trace:
#0 D:\php\yii.loc\framework\web\CWebApplication.php(141): CWebApplication->runController('assets/3c687239...')
#1 D:\php\yii.loc\framework\base\CApplication.php(169): CWebApplication->processRequest()
#2 D:\php\yii.loc\index.php(13): CApplication->run()
#3 {main}
REQUEST_URI=/assets/3c687239/contents.css
---
2013/10/25 15:49:02 [error] [exception.CHttpException.404] exception 'CHttpException' with message 'Невозможно обработать запрос "assets/3c687239/contents.css".' in D:\php\yii.loc\framework\web\CWebApplication.php:286
Stack trace:
#0 D:\php\yii.loc\framework\web\CWebApplication.php(141): CWebApplication->runController('assets/3c687239...')
#1 D:\php\yii.loc\framework\base\CApplication.php(169): CWebApplication->processRequest()
#2 D:\php\yii.loc\index.php(13): CApplication->run()
#3 {main}
REQUEST_URI=/assets/3c687239/contents.css
---
2013/10/25 15:49:07 [error] [exception.CHttpException.404] exception 'CHttpException' with message 'Невозможно обработать запрос "assets/3c687239/contents.css".' in D:\php\yii.loc\framework\web\CWebApplication.php:286
Stack trace:
#0 D:\php\yii.loc\framework\web\CWebApplication.php(141): CWebApplication->runController('assets/3c687239...')
#1 D:\php\yii.loc\framework\base\CApplication.php(169): CWebApplication->processRequest()
#2 D:\php\yii.loc\index.php(13): CApplication->run()
#3 {main}
REQUEST_URI=/assets/3c687239/contents.css
---
2013/10/25 15:49:16 [error] [exception.CHttpException.404] exception 'CHttpException' with message 'Невозможно обработать запрос "assets/3c687239/contents.css".' in D:\php\yii.loc\framework\web\CWebApplication.php:286
Stack trace:
#0 D:\php\yii.loc\framework\web\CWebApplication.php(141): CWebApplication->runController('assets/3c687239...')
#1 D:\php\yii.loc\framework\base\CApplication.php(169): CWebApplication->processRequest()
#2 D:\php\yii.loc\index.php(13): CApplication->run()
#3 {main}
REQUEST_URI=/assets/3c687239/contents.css
---
2013/10/25 15:49:47 [error] [exception.CHttpException.404] exception 'CHttpException' with message 'Невозможно обработать запрос "assets/3c687239/contents.css".' in D:\php\yii.loc\framework\web\CWebApplication.php:286
Stack trace:
#0 D:\php\yii.loc\framework\web\CWebApplication.php(141): CWebApplication->runController('assets/3c687239...')
#1 D:\php\yii.loc\framework\base\CApplication.php(169): CWebApplication->processRequest()
#2 D:\php\yii.loc\index.php(13): CApplication->run()
#3 {main}
REQUEST_URI=/assets/3c687239/contents.css
---
2013/10/25 15:49:56 [error] [exception.CHttpException.404] exception 'CHttpException' with message 'Невозможно обработать запрос "assets/3c687239/contents.css".' in D:\php\yii.loc\framework\web\CWebApplication.php:286
Stack trace:
#0 D:\php\yii.loc\framework\web\CWebApplication.php(141): CWebApplication->runController('assets/3c687239...')
#1 D:\php\yii.loc\framework\base\CApplication.php(169): CWebApplication->processRequest()
#2 D:\php\yii.loc\index.php(13): CApplication->run()
#3 {main}
REQUEST_URI=/assets/3c687239/contents.css
---
2013/10/25 15:51:46 [error] [exception.CHttpException.404] exception 'CHttpException' with message 'Невозможно обработать запрос "assets/3c687239/contents.css".' in D:\php\yii.loc\framework\web\CWebApplication.php:286
Stack trace:
#0 D:\php\yii.loc\framework\web\CWebApplication.php(141): CWebApplication->runController('assets/3c687239...')
#1 D:\php\yii.loc\framework\base\CApplication.php(169): CWebApplication->processRequest()
#2 D:\php\yii.loc\index.php(13): CApplication->run()
#3 {main}
REQUEST_URI=/assets/3c687239/contents.css
---
2013/10/25 15:51:50 [error] [exception.CHttpException.404] exception 'CHttpException' with message 'Невозможно обработать запрос "assets/3c687239/contents.css".' in D:\php\yii.loc\framework\web\CWebApplication.php:286
Stack trace:
#0 D:\php\yii.loc\framework\web\CWebApplication.php(141): CWebApplication->runController('assets/3c687239...')
#1 D:\php\yii.loc\framework\base\CApplication.php(169): CWebApplication->processRequest()
#2 D:\php\yii.loc\index.php(13): CApplication->run()
#3 {main}
REQUEST_URI=/assets/3c687239/contents.css
---
2013/10/25 15:55:00 [error] [exception.CHttpException.404] exception 'CHttpException' with message 'Невозможно обработать запрос "assets/3c687239/contents.css".' in D:\php\yii.loc\framework\web\CWebApplication.php:286
Stack trace:
#0 D:\php\yii.loc\framework\web\CWebApplication.php(141): CWebApplication->runController('assets/3c687239...')
#1 D:\php\yii.loc\framework\base\CApplication.php(169): CWebApplication->processRequest()
#2 D:\php\yii.loc\index.php(13): CApplication->run()
#3 {main}
REQUEST_URI=/assets/3c687239/contents.css
---
2013/10/25 16:02:29 [error] [exception.CException] exception 'CException' with message 'Не определено свойство "CDataColumn.nmae".' in D:\php\yii.loc\framework\base\CComponent.php:173
Stack trace:
#0 D:\php\yii.loc\framework\YiiBase.php(220): CComponent->__set('nmae', 'status')
#1 D:\php\yii.loc\framework\zii\widgets\grid\CGridView.php(363): YiiBase::createComponent(Array, Object(CGridView))
#2 D:\php\yii.loc\framework\zii\widgets\grid\CGridView.php(334): CGridView->initColumns()
#3 D:\php\yii.loc\framework\web\CBaseController.php(147): CGridView->init()
#4 D:\php\yii.loc\framework\web\CBaseController.php(172): CBaseController->createWidget('zii.widgets.gri...', Array)
#5 D:\php\yii.loc\protected\modules\admin\views\page\index.php(60): CBaseController->widget('zii.widgets.gri...', Array)
#6 D:\php\yii.loc\framework\web\CBaseController.php(126): require('D:\php\yii.loc\...')
#7 D:\php\yii.loc\framework\web\CBaseController.php(95): CBaseController->renderInternal('D:\php\yii.loc\...', Array, true)
#8 D:\php\yii.loc\framework\web\CController.php(869): CBaseController->renderFile('D:\php\yii.loc\...', Array, true)
#9 D:\php\yii.loc\framework\web\CController.php(782): CController->renderPartial('index', Array, true)
#10 D:\php\yii.loc\protected\modules\admin\controllers\PageController.php(131): CController->render('index', Array)
#11 D:\php\yii.loc\framework\web\actions\CInlineAction.php(49): PageController->actionIndex()
#12 D:\php\yii.loc\framework\web\CController.php(308): CInlineAction->runWithParams(Array)
#13 D:\php\yii.loc\framework\web\filters\CFilterChain.php(133): CController->runAction(Object(CInlineAction))
#14 D:\php\yii.loc\framework\web\filters\CFilter.php(40): CFilterChain->run()
#15 D:\php\yii.loc\framework\web\CController.php(1145): CFilter->filter(Object(CFilterChain))
#16 D:\php\yii.loc\framework\web\filters\CInlineFilter.php(58): CController->filterAccessControl(Object(CFilterChain))
#17 D:\php\yii.loc\framework\web\filters\CFilterChain.php(130): CInlineFilter->filter(Object(CFilterChain))
#18 D:\php\yii.loc\framework\web\CController.php(291): CFilterChain->run()
#19 D:\php\yii.loc\framework\web\CController.php(265): CController->runActionWithFilters(Object(CInlineAction), Array)
#20 D:\php\yii.loc\framework\web\CWebApplication.php(282): CController->run('index')
#21 D:\php\yii.loc\framework\web\CWebApplication.php(141): CWebApplication->runController('admin/page/inde...')
#22 D:\php\yii.loc\framework\base\CApplication.php(169): CWebApplication->processRequest()
#23 D:\php\yii.loc\index.php(13): CApplication->run()
#24 {main}
REQUEST_URI=/admin/page/index/id/3
HTTP_REFERER=http://yii.loc/admin/page/create
---
2013/10/25 16:21:17 [error] [exception.CException] exception 'CException' with message 'Контроллер PageController не может найти представление "view".' in D:\php\yii.loc\framework\web\CController.php:878
Stack trace:
#0 D:\php\yii.loc\framework\web\CController.php(782): CController->renderPartial('view', Array, true)
#1 D:\php\yii.loc\protected\modules\admin\controllers\PageController.php(52): CController->render('view', Array)
#2 [internal function]: PageController->actionView('1')
#3 D:\php\yii.loc\framework\web\actions\CAction.php(108): ReflectionMethod->invokeArgs(Object(PageController), Array)
#4 D:\php\yii.loc\framework\web\actions\CInlineAction.php(47): CAction->runWithParamsInternal(Object(PageController), Object(ReflectionMethod), Array)
#5 D:\php\yii.loc\framework\web\CController.php(308): CInlineAction->runWithParams(Array)
#6 D:\php\yii.loc\framework\web\filters\CFilterChain.php(133): CController->runAction(Object(CInlineAction))
#7 D:\php\yii.loc\framework\web\filters\CFilter.php(40): CFilterChain->run()
#8 D:\php\yii.loc\framework\web\CController.php(1145): CFilter->filter(Object(CFilterChain))
#9 D:\php\yii.loc\framework\web\filters\CInlineFilter.php(58): CController->filterAccessControl(Object(CFilterChain))
#10 D:\php\yii.loc\framework\web\filters\CFilterChain.php(130): CInlineFilter->filter(Object(CFilterChain))
#11 D:\php\yii.loc\framework\web\CController.php(291): CFilterChain->run()
#12 D:\php\yii.loc\framework\web\CController.php(265): CController->runActionWithFilters(Object(CInlineAction), Array)
#13 D:\php\yii.loc\framework\web\CWebApplication.php(282): CController->run('view')
#14 D:\php\yii.loc\framework\web\CWebApplication.php(141): CWebApplication->runController('admin/page/view...')
#15 D:\php\yii.loc\framework\base\CApplication.php(169): CWebApplication->processRequest()
#16 D:\php\yii.loc\index.php(13): CApplication->run()
#17 {main}
REQUEST_URI=/admin/page/view/id/1
HTTP_REFERER=http://yii.loc/admin/page/index/id/3
---
2013/10/25 16:22:40 [error] [exception.CHttpException.404] exception 'CHttpException' with message 'Невозможно обработать запрос "assets/3c687239/contents.css".' in D:\php\yii.loc\framework\web\CWebApplication.php:286
Stack trace:
#0 D:\php\yii.loc\framework\web\CWebApplication.php(141): CWebApplication->runController('assets/3c687239...')
#1 D:\php\yii.loc\framework\base\CApplication.php(169): CWebApplication->processRequest()
#2 D:\php\yii.loc\index.php(13): CApplication->run()
#3 {main}
REQUEST_URI=/assets/3c687239/contents.css
---
2013/10/25 16:36:00 [error] [exception.CHttpException.404] exception 'CHttpException' with message 'Невозможно обработать запрос "assets/3c687239/contents.css".' in D:\php\yii.loc\framework\web\CWebApplication.php:286
Stack trace:
#0 D:\php\yii.loc\framework\web\CWebApplication.php(141): CWebApplication->runController('assets/3c687239...')
#1 D:\php\yii.loc\framework\base\CApplication.php(169): CWebApplication->processRequest()
#2 D:\php\yii.loc\index.php(13): CApplication->run()
#3 {main}
REQUEST_URI=/assets/3c687239/contents.css
---
2013/10/25 16:53:28 [error] [exception.CHttpException.404] exception 'CHttpException' with message 'Невозможно обработать запрос "assets/3c687239/contents.css".' in D:\php\yii.loc\framework\web\CWebApplication.php:286
Stack trace:
#0 D:\php\yii.loc\framework\web\CWebApplication.php(141): CWebApplication->runController('assets/3c687239...')
#1 D:\php\yii.loc\framework\base\CApplication.php(169): CWebApplication->processRequest()
#2 D:\php\yii.loc\index.php(13): CApplication->run()
#3 {main}
REQUEST_URI=/assets/3c687239/contents.css
---
2013/10/27 13:04:06 [error] [exception.CHttpException.404] exception 'CHttpException' with message 'Невозможно обработать запрос "favicon.ico".' in D:\php\yii.loc\framework\web\CWebApplication.php:286
Stack trace:
#0 D:\php\yii.loc\framework\web\CWebApplication.php(141): CWebApplication->runController('favicon.ico')
#1 D:\php\yii.loc\framework\base\CApplication.php(169): CWebApplication->processRequest()
#2 D:\php\yii.loc\index.php(13): CApplication->run()
#3 {main}
REQUEST_URI=/favicon.ico
---
2013/10/27 13:28:51 [error] [exception.CException] exception 'CException' with message 'Контроллер UserController не может найти представление "index".' in D:\php\yii.loc\framework\web\CController.php:878
Stack trace:
#0 D:\php\yii.loc\framework\web\CController.php(782): CController->renderPartial('index', Array, true)
#1 D:\php\yii.loc\protected\modules\admin\controllers\UserController.php(124): CController->render('index', Array)
#2 D:\php\yii.loc\framework\web\actions\CInlineAction.php(49): UserController->actionIndex()
#3 D:\php\yii.loc\framework\web\CController.php(308): CInlineAction->runWithParams(Array)
#4 D:\php\yii.loc\framework\web\filters\CFilterChain.php(133): CController->runAction(Object(CInlineAction))
#5 D:\php\yii.loc\framework\web\filters\CFilter.php(40): CFilterChain->run()
#6 D:\php\yii.loc\framework\web\CController.php(1145): CFilter->filter(Object(CFilterChain))
#7 D:\php\yii.loc\framework\web\filters\CInlineFilter.php(58): CController->filterAccessControl(Object(CFilterChain))
#8 D:\php\yii.loc\framework\web\filters\CFilterChain.php(130): CInlineFilter->filter(Object(CFilterChain))
#9 D:\php\yii.loc\framework\web\CController.php(291): CFilterChain->run()
#10 D:\php\yii.loc\framework\web\CController.php(265): CController->runActionWithFilters(Object(CInlineAction), Array)
#11 D:\php\yii.loc\framework\web\CWebApplication.php(282): CController->run('')
#12 D:\php\yii.loc\framework\web\CWebApplication.php(141): CWebApplication->runController('admin/user')
#13 D:\php\yii.loc\framework\base\CApplication.php(169): CWebApplication->processRequest()
#14 D:\php\yii.loc\index.php(13): CApplication->run()
#15 {main}
REQUEST_URI=/admin/user
HTTP_REFERER=http://yii.loc/admin
---
2013/10/27 14:11:25 [error] [php] Undefined index: password (D:\php\yii.loc\protected\modules\admin\controllers\UserController.php:52)
Stack trace:
#0 D:\php\yii.loc\framework\web\actions\CInlineAction.php(47): CInlineAction->runWithParamsInternal()
#1 D:\php\yii.loc\framework\web\CController.php(308): CInlineAction->runWithParams()
#2 D:\php\yii.loc\framework\web\filters\CFilterChain.php(133): UserController->runAction()
#3 D:\php\yii.loc\framework\web\filters\CFilter.php(40): CFilterChain->run()
#4 D:\php\yii.loc\framework\web\CController.php(1145): CAccessControlFilter->filter()
#5 D:\php\yii.loc\framework\web\filters\CInlineFilter.php(58): UserController->filterAccessControl()
#6 D:\php\yii.loc\framework\web\filters\CFilterChain.php(130): CInlineFilter->filter()
#7 D:\php\yii.loc\framework\web\CController.php(291): CFilterChain->run()
#8 D:\php\yii.loc\framework\web\CController.php(265): UserController->runActionWithFilters()
#9 D:\php\yii.loc\framework\web\CWebApplication.php(282): UserController->run()
#10 D:\php\yii.loc\framework\web\CWebApplication.php(141): CWebApplication->runController()
#11 D:\php\yii.loc\framework\base\CApplication.php(169): CWebApplication->processRequest()
#12 D:\php\yii.loc\index.php(13): CWebApplication->run()
REQUEST_URI=/admin/user/password/id/1
in D:\php\yii.loc\protected\modules\admin\controllers\UserController.php (52)
in D:\php\yii.loc\index.php (13)
2013/10/27 14:12:26 [error] [php] Undefined index: password (D:\php\yii.loc\protected\modules\admin\controllers\UserController.php:52)
Stack trace:
#0 D:\php\yii.loc\framework\web\actions\CInlineAction.php(47): CInlineAction->runWithParamsInternal()
#1 D:\php\yii.loc\framework\web\CController.php(308): CInlineAction->runWithParams()
#2 D:\php\yii.loc\framework\web\filters\CFilterChain.php(133): UserController->runAction()
#3 D:\php\yii.loc\framework\web\filters\CFilter.php(40): CFilterChain->run()
#4 D:\php\yii.loc\framework\web\CController.php(1145): CAccessControlFilter->filter()
#5 D:\php\yii.loc\framework\web\filters\CInlineFilter.php(58): UserController->filterAccessControl()
#6 D:\php\yii.loc\framework\web\filters\CFilterChain.php(130): CInlineFilter->filter()
#7 D:\php\yii.loc\framework\web\CController.php(291): CFilterChain->run()
#8 D:\php\yii.loc\framework\web\CController.php(265): UserController->runActionWithFilters()
#9 D:\php\yii.loc\framework\web\CWebApplication.php(282): UserController->run()
#10 D:\php\yii.loc\framework\web\CWebApplication.php(141): CWebApplication->runController()
#11 D:\php\yii.loc\framework\base\CApplication.php(169): CWebApplication->processRequest()
#12 D:\php\yii.loc\index.php(13): CWebApplication->run()
REQUEST_URI=/admin/user/password/id/1
in D:\php\yii.loc\protected\modules\admin\controllers\UserController.php (52)
in D:\php\yii.loc\index.php (13)
2013/10/27 14:13:01 [error] [php] Undefined index: password (D:\php\yii.loc\protected\modules\admin\controllers\UserController.php:52)
Stack trace:
#0 D:\php\yii.loc\framework\web\actions\CInlineAction.php(47): CInlineAction->runWithParamsInternal()
#1 D:\php\yii.loc\framework\web\CController.php(308): CInlineAction->runWithParams()
#2 D:\php\yii.loc\framework\web\filters\CFilterChain.php(133): UserController->runAction()
#3 D:\php\yii.loc\framework\web\filters\CFilter.php(40): CFilterChain->run()
#4 D:\php\yii.loc\framework\web\CController.php(1145): CAccessControlFilter->filter()
#5 D:\php\yii.loc\framework\web\filters\CInlineFilter.php(58): UserController->filterAccessControl()
#6 D:\php\yii.loc\framework\web\filters\CFilterChain.php(130): CInlineFilter->filter()
#7 D:\php\yii.loc\framework\web\CController.php(291): CFilterChain->run()
#8 D:\php\yii.loc\framework\web\CController.php(265): UserController->runActionWithFilters()
#9 D:\php\yii.loc\framework\web\CWebApplication.php(282): UserController->run()
#10 D:\php\yii.loc\framework\web\CWebApplication.php(141): CWebApplication->runController()
#11 D:\php\yii.loc\framework\base\CApplication.php(169): CWebApplication->processRequest()
#12 D:\php\yii.loc\index.php(13): CWebApplication->run()
REQUEST_URI=/admin/user/password/id/1
in D:\php\yii.loc\protected\modules\admin\controllers\UserController.php (52)
in D:\php\yii.loc\index.php (13)
2013/10/27 14:14:40 [error] [php] Undefined variable: model (D:\php\yii.loc\protected\modules\admin\views\user\password.php:7)
Stack trace:
#0 D:\php\yii.loc\framework\web\CController.php(869): UserController->renderFile()
#1 D:\php\yii.loc\framework\web\CController.php(782): UserController->renderPartial()
#2 D:\php\yii.loc\protected\modules\admin\controllers\UserController.php(58): UserController->render()
#3 unknown(0): UserController->actionPassword()
#4 D:\php\yii.loc\framework\web\actions\CAction.php(108): ReflectionMethod->invokeArgs()
#5 D:\php\yii.loc\framework\web\actions\CInlineAction.php(47): CInlineAction->runWithParamsInternal()
#6 D:\php\yii.loc\framework\web\CController.php(308): CInlineAction->runWithParams()
#7 D:\php\yii.loc\framework\web\filters\CFilterChain.php(133): UserController->runAction()
#8 D:\php\yii.loc\framework\web\filters\CFilter.php(40): CFilterChain->run()
#9 D:\php\yii.loc\framework\web\CController.php(1145): CAccessControlFilter->filter()
#10 D:\php\yii.loc\framework\web\filters\CInlineFilter.php(58): UserController->filterAccessControl()
#11 D:\php\yii.loc\framework\web\filters\CFilterChain.php(130): CInlineFilter->filter()
#12 D:\php\yii.loc\framework\web\CController.php(291): CFilterChain->run()
#13 D:\php\yii.loc\framework\web\CController.php(265): UserController->runActionWithFilters()
#14 D:\php\yii.loc\framework\web\CWebApplication.php(282): UserController->run()
#15 D:\php\yii.loc\framework\web\CWebApplication.php(141): CWebApplication->runController()
#16 D:\php\yii.loc\framework\base\CApplication.php(169): CWebApplication->processRequest()
#17 D:\php\yii.loc\index.php(13): CWebApplication->run()
REQUEST_URI=/admin/user/password/id/1
in D:\php\yii.loc\protected\modules\admin\views\user\password.php (7)
in D:\php\yii.loc\protected\modules\admin\controllers\UserController.php (58)
in D:\php\yii.loc\index.php (13)
2013/10/27 14:15:11 [error] [php] Undefined variable: model (D:\php\yii.loc\protected\modules\admin\views\user\password.php:9)
Stack trace:
#0 D:\php\yii.loc\framework\web\CController.php(869): UserController->renderFile()
#1 D:\php\yii.loc\framework\web\CController.php(782): UserController->renderPartial()
#2 D:\php\yii.loc\protected\modules\admin\controllers\UserController.php(58): UserController->render()
#3 unknown(0): UserController->actionPassword()
#4 D:\php\yii.loc\framework\web\actions\CAction.php(108): ReflectionMethod->invokeArgs()
#5 D:\php\yii.loc\framework\web\actions\CInlineAction.php(47): CInlineAction->runWithParamsInternal()
#6 D:\php\yii.loc\framework\web\CController.php(308): CInlineAction->runWithParams()
#7 D:\php\yii.loc\framework\web\filters\CFilterChain.php(133): UserController->runAction()
#8 D:\php\yii.loc\framework\web\filters\CFilter.php(40): CFilterChain->run()
#9 D:\php\yii.loc\framework\web\CController.php(1145): CAccessControlFilter->filter()
#10 D:\php\yii.loc\framework\web\filters\CInlineFilter.php(58): UserController->filterAccessControl()
#11 D:\php\yii.loc\framework\web\filters\CFilterChain.php(130): CInlineFilter->filter()
#12 D:\php\yii.loc\framework\web\CController.php(291): CFilterChain->run()
#13 D:\php\yii.loc\framework\web\CController.php(265): UserController->runActionWithFilters()
#14 D:\php\yii.loc\framework\web\CWebApplication.php(282): UserController->run()
#15 D:\php\yii.loc\framework\web\CWebApplication.php(141): CWebApplication->runController()
#16 D:\php\yii.loc\framework\base\CApplication.php(169): CWebApplication->processRequest()
#17 D:\php\yii.loc\index.php(13): CWebApplication->run()
REQUEST_URI=/admin/user/password/id/1
in D:\php\yii.loc\protected\modules\admin\views\user\password.php (9)
in D:\php\yii.loc\protected\modules\admin\controllers\UserController.php (58)
in D:\php\yii.loc\index.php (13)
2013/10/27 14:15:53 [error] [php] Undefined variable: model (D:\php\yii.loc\protected\modules\admin\views\user\password.php:9)
Stack trace:
#0 D:\php\yii.loc\framework\web\CController.php(869): UserController->renderFile()
#1 D:\php\yii.loc\framework\web\CController.php(782): UserController->renderPartial()
#2 D:\php\yii.loc\protected\modules\admin\controllers\UserController.php(58): UserController->render()
#3 unknown(0): UserController->actionPassword()
#4 D:\php\yii.loc\framework\web\actions\CAction.php(108): ReflectionMethod->invokeArgs()
#5 D:\php\yii.loc\framework\web\actions\CInlineAction.php(47): CInlineAction->runWithParamsInternal()
#6 D:\php\yii.loc\framework\web\CController.php(308): CInlineAction->runWithParams()
#7 D:\php\yii.loc\framework\web\filters\CFilterChain.php(133): UserController->runAction()
#8 D:\php\yii.loc\framework\web\filters\CFilter.php(40): CFilterChain->run()
#9 D:\php\yii.loc\framework\web\CController.php(1145): CAccessControlFilter->filter()
#10 D:\php\yii.loc\framework\web\filters\CInlineFilter.php(58): UserController->filterAccessControl()
#11 D:\php\yii.loc\framework\web\filters\CFilterChain.php(130): CInlineFilter->filter()
#12 D:\php\yii.loc\framework\web\CController.php(291): CFilterChain->run()
#13 D:\php\yii.loc\framework\web\CController.php(265): UserController->runActionWithFilters()
#14 D:\php\yii.loc\framework\web\CWebApplication.php(282): UserController->run()
#15 D:\php\yii.loc\framework\web\CWebApplication.php(141): CWebApplication->runController()
#16 D:\php\yii.loc\framework\base\CApplication.php(169): CWebApplication->processRequest()
#17 D:\php\yii.loc\index.php(13): CWebApplication->run()
REQUEST_URI=/admin/user/password/id/1
in D:\php\yii.loc\protected\modules\admin\views\user\password.php (9)
in D:\php\yii.loc\protected\modules\admin\controllers\UserController.php (58)
in D:\php\yii.loc\index.php (13)
2013/10/27 14:16:29 [error] [exception.CHttpException.404] exception 'CHttpException' with message 'The requested page does not exist.' in D:\php\yii.loc\protected\modules\admin\controllers\UserController.php:120
Stack trace:
#0 D:\php\yii.loc\protected\modules\admin\controllers\UserController.php(67): UserController->loadModel('')
#1 [internal function]: UserController->actionUpdate('')
#2 D:\php\yii.loc\framework\web\actions\CAction.php(108): ReflectionMethod->invokeArgs(Object(UserController), Array)
#3 D:\php\yii.loc\framework\web\actions\CInlineAction.php(47): CAction->runWithParamsInternal(Object(UserController), Object(ReflectionMethod), Array)
#4 D:\php\yii.loc\framework\web\CController.php(308): CInlineAction->runWithParams(Array)
#5 D:\php\yii.loc\framework\web\filters\CFilterChain.php(133): CController->runAction(Object(CInlineAction))
#6 D:\php\yii.loc\framework\web\filters\CFilter.php(40): CFilterChain->run()
#7 D:\php\yii.loc\framework\web\CController.php(1145): CFilter->filter(Object(CFilterChain))
#8 D:\php\yii.loc\framework\web\filters\CInlineFilter.php(58): CController->filterAccessControl(Object(CFilterChain))
#9 D:\php\yii.loc\framework\web\filters\CFilterChain.php(130): CInlineFilter->filter(Object(CFilterChain))
#10 D:\php\yii.loc\framework\web\CController.php(291): CFilterChain->run()
#11 D:\php\yii.loc\framework\web\CController.php(265): CController->runActionWithFilters(Object(CInlineAction), Array)
#12 D:\php\yii.loc\framework\web\CWebApplication.php(282): CController->run('update')
#13 D:\php\yii.loc\framework\web\CWebApplication.php(141): CWebApplication->runController('admin/user/upda...')
#14 D:\php\yii.loc\framework\base\CApplication.php(169): CWebApplication->processRequest()
#15 D:\php\yii.loc\index.php(13): CApplication->run()
#16 {main}
REQUEST_URI=/admin/user/update/id/
---
2013/10/27 14:17:30 [error] [php] Undefined variable: model (D:\php\yii.loc\protected\modules\admin\views\user\password.php:9)
Stack trace:
#0 D:\php\yii.loc\framework\web\CController.php(869): UserController->renderFile()
#1 D:\php\yii.loc\framework\web\CController.php(782): UserController->renderPartial()
#2 D:\php\yii.loc\protected\modules\admin\controllers\UserController.php(58): UserController->render()
#3 unknown(0): UserController->actionPassword()
#4 D:\php\yii.loc\framework\web\actions\CAction.php(108): ReflectionMethod->invokeArgs()
#5 D:\php\yii.loc\framework\web\actions\CInlineAction.php(47): CInlineAction->runWithParamsInternal()
#6 D:\php\yii.loc\framework\web\CController.php(308): CInlineAction->runWithParams()
#7 D:\php\yii.loc\framework\web\filters\CFilterChain.php(133): UserController->runAction()
#8 D:\php\yii.loc\framework\web\filters\CFilter.php(40): CFilterChain->run()
#9 D:\php\yii.loc\framework\web\CController.php(1145): CAccessControlFilter->filter()
#10 D:\php\yii.loc\framework\web\filters\CInlineFilter.php(58): UserController->filterAccessControl()
#11 D:\php\yii.loc\framework\web\filters\CFilterChain.php(130): CInlineFilter->filter()
#12 D:\php\yii.loc\framework\web\CController.php(291): CFilterChain->run()
#13 D:\php\yii.loc\framework\web\CController.php(265): UserController->runActionWithFilters()
#14 D:\php\yii.loc\framework\web\CWebApplication.php(282): UserController->run()
#15 D:\php\yii.loc\framework\web\CWebApplication.php(141): CWebApplication->runController()
#16 D:\php\yii.loc\framework\base\CApplication.php(169): CWebApplication->processRequest()
#17 D:\php\yii.loc\index.php(13): CWebApplication->run()
REQUEST_URI=/admin/user/password/id/1
in D:\php\yii.loc\protected\modules\admin\views\user\password.php (9)
in D:\php\yii.loc\protected\modules\admin\controllers\UserController.php (58)
in D:\php\yii.loc\index.php (13)
2013/10/27 14:34:23 [error] [exception.CHttpException.404] exception 'CHttpException' with message 'Системе не удалось найти запрашиваемое действие "create".' in D:\php\yii.loc\framework\web\CController.php:483
Stack trace:
#0 D:\php\yii.loc\framework\web\CController.php(270): CController->missingAction('create')
#1 D:\php\yii.loc\framework\web\CWebApplication.php(282): CController->run('create')
#2 D:\php\yii.loc\framework\web\CWebApplication.php(141): CWebApplication->runController('admin/user/crea...')
#3 D:\php\yii.loc\framework\base\CApplication.php(169): CWebApplication->processRequest()
#4 D:\php\yii.loc\index.php(13): CApplication->run()
#5 {main}
REQUEST_URI=/admin/user/create
HTTP_REFERER=http://yii.loc/admin/user
---
2013/10/27 16:26:45 [error] [exception.CHttpException.404] exception 'CHttpException' with message 'Невозможно обработать запрос "favicon.ico".' in D:\php\yii.loc\framework\web\CWebApplication.php:286
Stack trace:
#0 D:\php\yii.loc\framework\web\CWebApplication.php(141): CWebApplication->runController('favicon.ico')
#1 D:\php\yii.loc\framework\base\CApplication.php(169): CWebApplication->processRequest()
#2 D:\php\yii.loc\index.php(13): CApplication->run()
#3 {main}
REQUEST_URI=/favicon.ico
---
2013/10/28 11:37:26 [error] [exception.CHttpException.404] exception 'CHttpException' with message 'Невозможно обработать запрос "favicon.ico".' in D:\php\yii.loc\framework\web\CWebApplication.php:286
Stack trace:
#0 D:\php\yii.loc\framework\web\CWebApplication.php(141): CWebApplication->runController('favicon.ico')
#1 D:\php\yii.loc\framework\base\CApplication.php(169): CWebApplication->processRequest()
#2 D:\php\yii.loc\index.php(13): CApplication->run()
#3 {main}
REQUEST_URI=/favicon.ico
---
2013/10/29 08:52:48 [error] [exception.CHttpException.404] exception 'CHttpException' with message 'Невозможно обработать запрос "favicon.ico".' in D:\php\yii.loc\framework\web\CWebApplication.php:286
Stack trace:
#0 D:\php\yii.loc\framework\web\CWebApplication.php(141): CWebApplication->runController('favicon.ico')
#1 D:\php\yii.loc\framework\base\CApplication.php(169): CWebApplication->processRequest()
#2 D:\php\yii.loc\index.php(13): CApplication->run()
#3 {main}
REQUEST_URI=/favicon.ico
---
2013/10/29 08:56:11 [error] [exception.CHttpException.404] exception 'CHttpException' with message 'Системе не удалось найти запрашиваемое действие "create".' in D:\php\yii.loc\framework\web\CController.php:483
Stack trace:
#0 D:\php\yii.loc\framework\web\CController.php(270): CController->missingAction('create')
#1 D:\php\yii.loc\framework\web\CWebApplication.php(282): CController->run('create')
#2 D:\php\yii.loc\framework\web\CWebApplication.php(141): CWebApplication->runController('admin/user/crea...')
#3 D:\php\yii.loc\framework\base\CApplication.php(169): CWebApplication->processRequest()
#4 D:\php\yii.loc\index.php(13): CApplication->run()
#5 {main}
REQUEST_URI=/admin/user/create
HTTP_REFERER=http://yii.loc/admin/user
---
2013/10/29 08:56:44 [error] [exception.CHttpException.404] exception 'CHttpException' with message 'Системе не удалось найти запрашиваемое действие "create".' in D:\php\yii.loc\framework\web\CController.php:483
Stack trace:
#0 D:\php\yii.loc\framework\web\CController.php(270): CController->missingAction('create')
#1 D:\php\yii.loc\framework\web\CWebApplication.php(282): CController->run('create')
#2 D:\php\yii.loc\framework\web\CWebApplication.php(141): CWebApplication->runController('admin/user/crea...')
#3 D:\php\yii.loc\framework\base\CApplication.php(169): CWebApplication->processRequest()
#4 D:\php\yii.loc\index.php(13): CApplication->run()
#5 {main}
REQUEST_URI=/admin/user/create
HTTP_REFERER=http://yii.loc/admin/user/update/id/1
---
2013/10/30 15:50:14 [error] [exception.CHttpException.404] exception 'CHttpException' with message 'Невозможно обработать запрос "favicon.ico".' in D:\php\yii.loc\framework\web\CWebApplication.php:286
Stack trace:
#0 D:\php\yii.loc\framework\web\CWebApplication.php(141): CWebApplication->runController('favicon.ico')
#1 D:\php\yii.loc\framework\base\CApplication.php(169): CWebApplication->processRequest()
#2 D:\php\yii.loc\index.php(13): CApplication->run()
#3 {main}
REQUEST_URI=/favicon.ico
---
2013/10/30 15:50:32 [error] [exception.CHttpException.404] exception 'CHttpException' with message 'Системе не удалось найти запрашиваемое действие "create".' in D:\php\yii.loc\framework\web\CController.php:483
Stack trace:
#0 D:\php\yii.loc\framework\web\CController.php(270): CController->missingAction('create')
#1 D:\php\yii.loc\framework\web\CWebApplication.php(282): CController->run('create')
#2 D:\php\yii.loc\framework\web\CWebApplication.php(141): CWebApplication->runController('admin/user/crea...')
#3 D:\php\yii.loc\framework\base\CApplication.php(169): CWebApplication->processRequest()
#4 D:\php\yii.loc\index.php(13): CApplication->run()
#5 {main}
REQUEST_URI=/admin/user/create
HTTP_REFERER=http://yii.loc/admin/user
---
2013/11/01 13:19:27 [error] [exception.CHttpException.404] exception 'CHttpException' with message 'Невозможно обработать запрос "favicon.ico".' in D:\php\yii.loc\framework\web\CWebApplication.php:286
Stack trace:
#0 D:\php\yii.loc\framework\web\CWebApplication.php(141): CWebApplication->runController('favicon.ico')
#1 D:\php\yii.loc\framework\base\CApplication.php(169): CWebApplication->processRequest()
#2 D:\php\yii.loc\index.php(13): CApplication->run()
#3 {main}
REQUEST_URI=/favicon.ico
---
2013/11/04 08:42:00 [error] [exception.CHttpException.404] exception 'CHttpException' with message 'Невозможно обработать запрос "favicon.ico".' in D:\php\yii.loc\framework\web\CWebApplication.php:286
Stack trace:
#0 D:\php\yii.loc\framework\web\CWebApplication.php(141): CWebApplication->runController('favicon.ico')
#1 D:\php\yii.loc\framework\base\CApplication.php(169): CWebApplication->processRequest()
#2 D:\php\yii.loc\index.php(13): CApplication->run()
#3 {main}
REQUEST_URI=/favicon.ico
---
2013/11/05 13:18:44 [error] [exception.CHttpException.404] exception 'CHttpException' with message 'Невозможно обработать запрос "favicon.ico".' in D:\php\yii.loc\framework\web\CWebApplication.php:286
Stack trace:
#0 D:\php\yii.loc\framework\web\CWebApplication.php(141): CWebApplication->runController('favicon.ico')
#1 D:\php\yii.loc\framework\base\CApplication.php(169): CWebApplication->processRequest()
#2 D:\php\yii.loc\index.php(13): CApplication->run()
#3 {main}
REQUEST_URI=/favicon.ico
---
2013/11/08 15:11:46 [error] [exception.CHttpException.404] exception 'CHttpException' with message 'Невозможно обработать запрос "favicon.ico".' in D:\php\yii.loc\framework\web\CWebApplication.php:286
Stack trace:
#0 D:\php\yii.loc\framework\web\CWebApplication.php(141): CWebApplication->runController('favicon.ico')
#1 D:\php\yii.loc\framework\base\CApplication.php(169): CWebApplication->processRequest()
#2 D:\php\yii.loc\index.php(13): CApplication->run()
#3 {main}
REQUEST_URI=/favicon.ico
---
2013/11/22 18:25:51 [error] [exception.CHttpException.404] exception 'CHttpException' with message 'Невозможно обработать запрос "favicon.ico".' in D:\php\yii.loc\framework\web\CWebApplication.php:286
Stack trace:
#0 D:\php\yii.loc\framework\web\CWebApplication.php(141): CWebApplication->runController('favicon.ico')
#1 D:\php\yii.loc\framework\base\CApplication.php(169): CWebApplication->processRequest()
#2 D:\php\yii.loc\index.php(13): CApplication->run()
#3 {main}
REQUEST_URI=/favicon.ico
---
2013/11/28 10:30:29 [error] [exception.CHttpException.404] exception 'CHttpException' with message 'Невозможно обработать запрос "favicon.ico".' in D:\php\yii.loc\framework\web\CWebApplication.php:286
Stack trace:
#0 D:\php\yii.loc\framework\web\CWebApplication.php(141): CWebApplication->runController('favicon.ico')
#1 D:\php\yii.loc\framework\base\CApplication.php(169): CWebApplication->processRequest()
#2 D:\php\yii.loc\index.php(13): CApplication->run()
#3 {main}
REQUEST_URI=/favicon.ico
---
2013/11/28 11:14:08 [error] [exception.CException] exception 'CException' with message 'Не определено свойство "Setting.title".' in D:\php\yii.loc\framework\base\CComponent.php:130
Stack trace:
#0 D:\php\yii.loc\framework\db\ar\CActiveRecord.php(143): CComponent->__get('title')
#1 D:\php\yii.loc\framework\web\helpers\CHtml.php(2255): CActiveRecord->__get('title')
#2 D:\php\yii.loc\framework\web\helpers\CHtml.php(1980): CHtml::resolveValue(Object(Setting), 'title')
#3 D:\php\yii.loc\framework\web\helpers\CHtml.php(1257): CHtml::activeInputField('text', Object(Setting), 'title', Array)
#4 D:\php\yii.loc\framework\web\widgets\CActiveForm.php(657): CHtml::activeTextField(Object(Setting), 'title', Array)
#5 D:\php\yii.loc\protected\modules\admin\views\setting\index.php(29): CActiveForm->textField(Object(Setting), 'title', Array)
#6 D:\php\yii.loc\framework\web\CBaseController.php(126): require('D:\php\yii.loc\...')
#7 D:\php\yii.loc\framework\web\CBaseController.php(95): CBaseController->renderInternal('D:\php\yii.loc\...', Array, true)
#8 D:\php\yii.loc\framework\web\CController.php(869): CBaseController->renderFile('D:\php\yii.loc\...', Array, true)
#9 D:\php\yii.loc\framework\web\CController.php(782): CController->renderPartial('index', Array, true)
#10 D:\php\yii.loc\protected\modules\admin\controllers\SettingController.php(23): CController->render('index', Array)
#11 D:\php\yii.loc\framework\web\actions\CInlineAction.php(49): SettingController->actionIndex()
#12 D:\php\yii.loc\framework\web\CController.php(308): CInlineAction->runWithParams(Array)
#13 D:\php\yii.loc\framework\web\CController.php(286): CController->runAction(Object(CInlineAction))
#14 D:\php\yii.loc\framework\web\CController.php(265): CController->runActionWithFilters(Object(CInlineAction), Array)
#15 D:\php\yii.loc\framework\web\CWebApplication.php(282): CController->run('')
#16 D:\php\yii.loc\framework\web\CWebApplication.php(141): CWebApplication->runController('admin/setting')
#17 D:\php\yii.loc\framework\base\CApplication.php(169): CWebApplication->processRequest()
#18 D:\php\yii.loc\index.php(13): CApplication->run()
#19 {main}
REQUEST_URI=/admin/setting
HTTP_REFERER=http://yii.loc/admin/comment
---
